[1202/141727:WARNING:resource_bundle.cc(304)] locale_file_path.empty()
[1202/141727:ERROR:main_delegate.cc(564)] Could not load locale pak for en-US
[1202/141727:ERROR:main_delegate.cc(571)] Could not load cef.pak
[1202/141727:ERROR:main_delegate.cc(588)] Could not load cef_100_percent.pak
[1202/141727:WARNING:resource_bundle.cc(497)] locale resources are not loaded
[1202/141727:WARNING:resource_bundle.cc(304)] locale_file_path.empty()
[1202/141727:ERROR:main_delegate.cc(564)] Could not load locale pak for en-US
[1202/141727:ERROR:main_delegate.cc(571)] Could not load cef.pak
[1202/141727:ERROR:main_delegate.cc(588)] Could not load cef_100_percent.pak
[1202/141738:WARNING:resource_bundle.cc(304)] locale_file_path.empty()
[1202/141738:ERROR:main_delegate.cc(564)] Could not load locale pak for en-US
[1202/141738:ERROR:main_delegate.cc(571)] Could not load cef.pak
[1202/141738:ERROR:main_delegate.cc(588)] Could not load cef_100_percent.pak
[1202/141739:ERROR:renderer_main.cc(207)] Running without renderer sandbox
[1206/100337:WARNING:resource_bundle.cc(304)] locale_file_path.empty()
[1206/100337:ERROR:main_delegate.cc(564)] Could not load locale pak for en-US
[1206/100337:ERROR:main_delegate.cc(571)] Could not load cef.pak
[1206/100337:ERROR:main_delegate.cc(588)] Could not load cef_100_percent.pak
[1206/100337:WARNING:resource_bundle.cc(304)] locale_file_path.empty()
[1206/100337:ERROR:main_delegate.cc(564)] Could not load locale pak for en-US
[1206/100337:ERROR:main_delegate.cc(571)] Could not load cef.pak
[1206/100337:ERROR:main_delegate.cc(588)] Could not load cef_100_percent.pak
[1206/100337:WARNING:resource_bundle.cc(304)] locale_file_path.empty()
[1206/100337:ERROR:main_delegate.cc(564)] Could not load locale pak for en-US
[1206/100337:ERROR:main_delegate.cc(571)] Could not load cef.pak
[1206/100337:ERROR:main_delegate.cc(588)] Could not load cef_100_percent.pak
[1206/100338:WARNING:resource_bundle.cc(497)] locale resources are not loaded
[1206/100338:WARNING:resource_bundle.cc(497)] locale resources are not loaded
[1206/100338:WARNING:resource_bundle.cc(497)] locale resources are not loaded
[1206/100343:WARNING:resource_bundle.cc(304)] locale_file_path.empty()
[1206/100343:ERROR:main_delegate.cc(564)] Could not load locale pak for en-US
[1206/100343:ERROR:main_delegate.cc(571)] Could not load cef.pak
[1206/100343:ERROR:main_delegate.cc(588)] Could not load cef_100_percent.pak
[1206/100343:WARNING:resource_bundle.cc(304)] locale_file_path.empty()
[1206/100343:ERROR:main_delegate.cc(564)] Could not load locale pak for en-US
[1206/100343:ERROR:main_delegate.cc(571)] Could not load cef.pak
[1206/100343:ERROR:main_delegate.cc(588)] Could not load cef_100_percent.pak
[1206/100343:WARNING:resource_bundle.cc(304)] locale_file_path.empty()
[1206/100343:ERROR:main_delegate.cc(564)] Could not load locale pak for en-US
[1206/100343:ERROR:main_delegate.cc(571)] Could not load cef.pak
[1206/100343:ERROR:main_delegate.cc(588)] Could not load cef_100_percent.pak
[1206/100422:WARNING:resource_bundle.cc(304)] locale_file_path.empty()
[1206/100422:ERROR:main_delegate.cc(564)] Could not load locale pak for en-US
[1206/100422:ERROR:main_delegate.cc(571)] Could not load cef.pak
[1206/100422:ERROR:main_delegate.cc(588)] Could not load cef_100_percent.pak
[1206/100422:WARNING:resource_bundle.cc(304)] locale_file_path.empty()
[1206/100422:ERROR:main_delegate.cc(564)] Could not load locale pak for en-US
[1206/100422:ERROR:main_delegate.cc(571)] Could not load cef.pak
[1206/100422:ERROR:main_delegate.cc(588)] Could not load cef_100_percent.pak
[1206/100422:WARNING:resource_bundle.cc(304)] locale_file_path.empty()
[1206/100422:ERROR:main_delegate.cc(564)] Could not load locale pak for en-US
[1206/100422:ERROR:main_delegate.cc(571)] Could not load cef.pak
[1206/100422:ERROR:main_delegate.cc(588)] Could not load cef_100_percent.pak
[1206/100423:ERROR:renderer_main.cc(207)] Running without renderer sandbox
[1206/100423:ERROR:renderer_main.cc(207)] Running without renderer sandbox
[1206/100423:ERROR:renderer_main.cc(207)] Running without renderer sandbox
[1206/100508:WARNING:resource_bundle.cc(304)] locale_file_path.empty()
[1206/100508:ERROR:main_delegate.cc(564)] Could not load locale pak for en-US
[1206/100508:ERROR:main_delegate.cc(571)] Could not load cef.pak
[1206/100508:ERROR:main_delegate.cc(588)] Could not load cef_100_percent.pak
[1206/100508:WARNING:resource_bundle.cc(497)] locale resources are not loaded
[1206/100509:WARNING:resource_bundle.cc(304)] locale_file_path.empty()
[1206/100509:ERROR:main_delegate.cc(564)] Could not load locale pak for en-US
[1206/100509:ERROR:main_delegate.cc(571)] Could not load cef.pak
[1206/100509:ERROR:main_delegate.cc(588)] Could not load cef_100_percent.pak
[1206/100514:WARNING:resource_bundle.cc(304)] locale_file_path.empty()
[1206/100514:ERROR:main_delegate.cc(564)] Could not load locale pak for en-US
[1206/100514:ERROR:main_delegate.cc(571)] Could not load cef.pak
[1206/100514:ERROR:main_delegate.cc(588)] Could not load cef_100_percent.pak
[1206/100514:WARNING:resource_bundle.cc(497)] locale resources are not loaded
[1206/100514:WARNING:resource_bundle.cc(304)] locale_file_path.empty()
[1206/100514:ERROR:main_delegate.cc(564)] Could not load locale pak for en-US
[1206/100514:ERROR:main_delegate.cc(571)] Could not load cef.pak
[1206/100514:ERROR:main_delegate.cc(588)] Could not load cef_100_percent.pak
[1206/100520:WARNING:resource_bundle.cc(304)] locale_file_path.empty()
[1206/100520:ERROR:main_delegate.cc(564)] Could not load locale pak for en-US
[1206/100520:ERROR:main_delegate.cc(571)] Could not load cef.pak
[1206/100520:ERROR:main_delegate.cc(588)] Could not load cef_100_percent.pak
[1206/100520:WARNING:resource_bundle.cc(497)] locale resources are not loaded
[1206/100521:WARNING:resource_bundle.cc(304)] locale_file_path.empty()
[1206/100521:ERROR:main_delegate.cc(564)] Could not load locale pak for en-US
[1206/100521:ERROR:main_delegate.cc(571)] Could not load cef.pak
[1206/100521:ERROR:main_delegate.cc(588)] Could not load cef_100_percent.pak
[1206/100522:WARNING:resource_bundle.cc(304)] locale_file_path.empty()
[1206/100522:ERROR:main_delegate.cc(564)] Could not load locale pak for en-US
[1206/100522:ERROR:main_delegate.cc(571)] Could not load cef.pak
[1206/100522:ERROR:main_delegate.cc(588)] Could not load cef_100_percent.pak
[1206/100522:ERROR:renderer_main.cc(207)] Running without renderer sandbox
[1206/100529:WARNING:resource_bundle.cc(304)] locale_file_path.empty()
[1206/100529:ERROR:main_delegate.cc(564)] Could not load locale pak for en-US
[1206/100529:ERROR:main_delegate.cc(571)] Could not load cef.pak
[1206/100529:ERROR:main_delegate.cc(588)] Could not load cef_100_percent.pak
[1206/100529:ERROR:renderer_main.cc(207)] Running without renderer sandbox
[1206/100531:WARNING:resource_bundle.cc(304)] locale_file_path.empty()
[1206/100531:ERROR:main_delegate.cc(564)] Could not load locale pak for en-US
[1206/100531:ERROR:main_delegate.cc(571)] Could not load cef.pak
[1206/100531:ERROR:main_delegate.cc(588)] Could not load cef_100_percent.pak
[1206/100531:ERROR:renderer_main.cc(207)] Running without renderer sandbox
[1206/101134:WARNING:resource_bundle.cc(304)] locale_file_path.empty()
[1206/101134:ERROR:main_delegate.cc(564)] Could not load locale pak for en-US
[1206/101134:ERROR:main_delegate.cc(571)] Could not load cef.pak
[1206/101134:ERROR:main_delegate.cc(588)] Could not load cef_100_percent.pak
[1206/101134:WARNING:resource_bundle.cc(497)] locale resources are not loaded
[1206/101134:WARNING:resource_bundle.cc(304)] locale_file_path.empty()
[1206/101134:ERROR:main_delegate.cc(564)] Could not load locale pak for en-US
[1206/101134:ERROR:main_delegate.cc(571)] Could not load cef.pak
[1206/101134:ERROR:main_delegate.cc(588)] Could not load cef_100_percent.pak
[1206/101144:WARNING:resource_bundle.cc(304)] locale_file_path.empty()
[1206/101144:ERROR:main_delegate.cc(564)] Could not load locale pak for en-US
[1206/101144:ERROR:main_delegate.cc(571)] Could not load cef.pak
[1206/101144:ERROR:main_delegate.cc(588)] Could not load cef_100_percent.pak
[1206/101144:ERROR:renderer_main.cc(207)] Running without renderer sandbox
[1206/101637:WARNING:resource_bundle.cc(304)] locale_file_path.empty()
[1206/101637:ERROR:main_delegate.cc(564)] Could not load locale pak for en-US
[1206/101637:ERROR:main_delegate.cc(571)] Could not load cef.pak
[1206/101637:ERROR:main_delegate.cc(588)] Could not load cef_100_percent.pak
[1206/101637:WARNING:resource_bundle.cc(497)] locale resources are not loaded
[1206/101638:WARNING:resource_bundle.cc(304)] locale_file_path.empty()
[1206/101638:ERROR:main_delegate.cc(564)] Could not load locale pak for en-US
[1206/101638:ERROR:main_delegate.cc(571)] Could not load cef.pak
[1206/101638:ERROR:main_delegate.cc(588)] Could not load cef_100_percent.pak
[1206/101647:WARNING:resource_bundle.cc(304)] locale_file_path.empty()
[1206/101647:ERROR:main_delegate.cc(564)] Could not load locale pak for en-US
[1206/101647:ERROR:main_delegate.cc(571)] Could not load cef.pak
[1206/101647:ERROR:main_delegate.cc(588)] Could not load cef_100_percent.pak
[1206/101647:ERROR:renderer_main.cc(207)] Running without renderer sandbox
[1206/101712:WARNING:resource_bundle.cc(304)] locale_file_path.empty()
[1206/101712:ERROR:main_delegate.cc(564)] Could not load locale pak for en-US
[1206/101712:ERROR:main_delegate.cc(571)] Could not load cef.pak
[1206/101712:ERROR:main_delegate.cc(588)] Could not load cef_100_percent.pak
[1206/101712:WARNING:resource_bundle.cc(497)] locale resources are not loaded
[1206/101712:WARNING:resource_bundle.cc(304)] locale_file_path.empty()
[1206/101712:ERROR:main_delegate.cc(564)] Could not load locale pak for en-US
[1206/101712:ERROR:main_delegate.cc(571)] Could not load cef.pak
[1206/101712:ERROR:main_delegate.cc(588)] Could not load cef_100_percent.pak
[1206/101721:WARNING:resource_bundle.cc(304)] locale_file_path.empty()
[1206/101721:ERROR:main_delegate.cc(564)] Could not load locale pak for en-US
[1206/101721:ERROR:main_delegate.cc(571)] Could not load cef.pak
[1206/101721:ERROR:main_delegate.cc(588)] Could not load cef_100_percent.pak
[1206/101721:ERROR:renderer_main.cc(207)] Running without renderer sandbox
[1206/102044:WARNING:resource_bundle.cc(304)] locale_file_path.empty()
[1206/102044:ERROR:main_delegate.cc(564)] Could not load locale pak for en-US
[1206/102044:ERROR:main_delegate.cc(571)] Could not load cef.pak
[1206/102044:ERROR:main_delegate.cc(588)] Could not load cef_100_percent.pak
[1206/102044:WARNING:resource_bundle.cc(497)] locale resources are not loaded
[1206/102045:WARNING:resource_bundle.cc(304)] locale_file_path.empty()
[1206/102045:ERROR:main_delegate.cc(564)] Could not load locale pak for en-US
[1206/102045:ERROR:main_delegate.cc(571)] Could not load cef.pak
[1206/102045:ERROR:main_delegate.cc(588)] Could not load cef_100_percent.pak
[1206/102104:WARNING:resource_bundle.cc(304)] locale_file_path.empty()
[1206/102104:ERROR:main_delegate.cc(564)] Could not load locale pak for en-US
[1206/102104:ERROR:main_delegate.cc(571)] Could not load cef.pak
[1206/102104:ERROR:main_delegate.cc(588)] Could not load cef_100_percent.pak
[1206/102104:WARNING:resource_bundle.cc(497)] locale resources are not loaded
[1206/102104:WARNING:resource_bundle.cc(304)] locale_file_path.empty()
[1206/102104:ERROR:main_delegate.cc(564)] Could not load locale pak for en-US
[1206/102104:ERROR:main_delegate.cc(571)] Could not load cef.pak
[1206/102104:ERROR:main_delegate.cc(588)] Could not load cef_100_percent.pak
[1206/102112:WARNING:resource_bundle.cc(304)] locale_file_path.empty()
[1206/102112:ERROR:main_delegate.cc(564)] Could not load locale pak for en-US
[1206/102112:ERROR:main_delegate.cc(571)] Could not load cef.pak
[1206/102112:ERROR:main_delegate.cc(588)] Could not load cef_100_percent.pak
[1206/102112:ERROR:renderer_main.cc(207)] Running without renderer sandbox
[1206/102203:WARNING:resource_bundle.cc(304)] locale_file_path.empty()
[1206/102203:ERROR:main_delegate.cc(564)] Could not load locale pak for en-US
[1206/102203:ERROR:main_delegate.cc(571)] Could not load cef.pak
[1206/102203:ERROR:main_delegate.cc(588)] Could not load cef_100_percent.pak
[1206/102203:WARNING:resource_bundle.cc(497)] locale resources are not loaded
[1206/102203:WARNING:resource_bundle.cc(304)] locale_file_path.empty()
[1206/102203:ERROR:main_delegate.cc(564)] Could not load locale pak for en-US
[1206/102203:ERROR:main_delegate.cc(571)] Could not load cef.pak
[1206/102203:ERROR:main_delegate.cc(588)] Could not load cef_100_percent.pak
[1206/102212:WARNING:resource_bundle.cc(304)] locale_file_path.empty()
[1206/102212:ERROR:main_delegate.cc(564)] Could not load locale pak for en-US
[1206/102212:ERROR:main_delegate.cc(571)] Could not load cef.pak
[1206/102212:ERROR:main_delegate.cc(588)] Could not load cef_100_percent.pak
[1206/102212:ERROR:renderer_main.cc(207)] Running without renderer sandbox
[1206/102254:WARNING:resource_bundle.cc(304)] locale_file_path.empty()
[1206/102254:ERROR:main_delegate.cc(564)] Could not load locale pak for en-US
[1206/102254:ERROR:main_delegate.cc(571)] Could not load cef.pak
[1206/102254:ERROR:main_delegate.cc(588)] Could not load cef_100_percent.pak
[1206/102254:WARNING:resource_bundle.cc(497)] locale resources are not loaded
[1206/102254:WARNING:resource_bundle.cc(304)] locale_file_path.empty()
[1206/102254:ERROR:main_delegate.cc(564)] Could not load locale pak for en-US
[1206/102254:ERROR:main_delegate.cc(571)] Could not load cef.pak
[1206/102254:ERROR:main_delegate.cc(588)] Could not load cef_100_percent.pak
[1206/102304:WARNING:resource_bundle.cc(304)] locale_file_path.empty()
[1206/102304:ERROR:main_delegate.cc(564)] Could not load locale pak for en-US
[1206/102304:ERROR:main_delegate.cc(571)] Could not load cef.pak
[1206/102304:ERROR:main_delegate.cc(588)] Could not load cef_100_percent.pak
[1206/102304:ERROR:renderer_main.cc(207)] Running without renderer sandbox
[1206/102324:WARNING:resource_bundle.cc(304)] locale_file_path.empty()
[1206/102324:ERROR:main_delegate.cc(564)] Could not load locale pak for en-US
[1206/102324:ERROR:main_delegate.cc(571)] Could not load cef.pak
[1206/102324:ERROR:main_delegate.cc(588)] Could not load cef_100_percent.pak
[1206/102324:WARNING:resource_bundle.cc(497)] locale resources are not loaded
[1206/102325:WARNING:resource_bundle.cc(304)] locale_file_path.empty()
[1206/102325:ERROR:main_delegate.cc(564)] Could not load locale pak for en-US
[1206/102325:ERROR:main_delegate.cc(571)] Could not load cef.pak
[1206/102325:ERROR:main_delegate.cc(588)] Could not load cef_100_percent.pak
[1206/102334:WARNING:resource_bundle.cc(304)] locale_file_path.empty()
[1206/102334:ERROR:main_delegate.cc(564)] Could not load locale pak for en-US
[1206/102334:ERROR:main_delegate.cc(571)] Could not load cef.pak
[1206/102334:ERROR:main_delegate.cc(588)] Could not load cef_100_percent.pak
[1206/102334:ERROR:renderer_main.cc(207)] Running without renderer sandbox
[1206/103022:WARNING:resource_bundle.cc(304)] locale_file_path.empty()
[1206/103022:ERROR:main_delegate.cc(564)] Could not load locale pak for en-US
[1206/103022:ERROR:main_delegate.cc(571)] Could not load cef.pak
[1206/103022:ERROR:main_delegate.cc(588)] Could not load cef_100_percent.pak
[1206/103022:WARNING:resource_bundle.cc(497)] locale resources are not loaded
[1206/103022:WARNING:resource_bundle.cc(304)] locale_file_path.empty()
[1206/103022:ERROR:main_delegate.cc(564)] Could not load locale pak for en-US
[1206/103022:ERROR:main_delegate.cc(571)] Could not load cef.pak
[1206/103022:ERROR:main_delegate.cc(588)] Could not load cef_100_percent.pak
[1206/103039:WARNING:resource_bundle.cc(304)] locale_file_path.empty()
[1206/103039:ERROR:main_delegate.cc(564)] Could not load locale pak for en-US
[1206/103039:ERROR:main_delegate.cc(571)] Could not load cef.pak
[1206/103039:ERROR:main_delegate.cc(588)] Could not load cef_100_percent.pak
[1206/103039:ERROR:renderer_main.cc(207)] Running without renderer sandbox
[1206/103652:WARNING:resource_bundle.cc(304)] locale_file_path.empty()
[1206/103652:ERROR:main_delegate.cc(564)] Could not load locale pak for en-US
[1206/103652:ERROR:main_delegate.cc(571)] Could not load cef.pak
[1206/103652:ERROR:main_delegate.cc(588)] Could not load cef_100_percent.pak
[1206/103652:WARNING:resource_bundle.cc(497)] locale resources are not loaded
[1206/103652:WARNING:resource_bundle.cc(304)] locale_file_path.empty()
[1206/103652:ERROR:main_delegate.cc(564)] Could not load locale pak for en-US
[1206/103652:ERROR:main_delegate.cc(571)] Could not load cef.pak
[1206/103652:ERROR:main_delegate.cc(588)] Could not load cef_100_percent.pak
